Using pre-set license
Built from '2020.3/staging' branch; Version is '2020.3.3f1 (76626098c1c4) revision 7758432'; Using compiler version '192528614'; Build Type 'Release'
OS: 'Windows 10 Pro; OS build 19041.572; Version 2004; 64bit' Language: 'pl' Physical Memory: 16331 MB
BatchMode: 1, IsHumanControllingUs: 0, StartBugReporterOnCrash: 0, Is64bit: 1, IsPro: 0

 COMMAND LINE ARGUMENTS:
D:\Uni\2020.3.3f1\Editor\Unity.exe
-adb2
-batchMode
-noUpm
-name
AssetImportWorker0
-projectPath
D:/PlatformUP/PlatformUP
-logFile
Logs/AssetImportWorker0.log
-srvPort
57750
Successfully changed project path to: D:/PlatformUP/PlatformUP
D:/PlatformUP/PlatformUP
Using Asset Import Pipeline V2.
Refreshing native plugins compatible for Editor in 48.87 ms, found 1 plugins.
Preloading 0 native plugins for Editor in 0.00 ms.
Initialize engine version: 2020.3.3f1 (76626098c1c4)
[Subsystems] Discovering subsystems at path D:/Uni/2020.3.3f1/Editor/Data/Resources/UnitySubsystems
[Subsystems] Discovering subsystems at path D:/PlatformUP/PlatformUP/Assets
GfxDevice: creating device client; threaded=0
Direct3D:
    Version:  Direct3D 11.0 [level 11.1]
    Renderer: Radeon RX 580 Series (ID=0x67df)
    Vendor:   
    VRAM:     8171 MB
    Driver:   27.20.15003.5017
Initialize mono
Mono path[0] = 'D:/Uni/2020.3.3f1/Editor/Data/Managed'
Mono path[1] = 'D:/Uni/2020.3.3f1/Editor/Data/MonoBleedingEdge/lib/mono/unityjit'
Mono config path = 'D:/Uni/2020.3.3f1/Editor/Data/MonoBleedingEdge/etc'
Using monoOptions --debugger-agent=transport=dt_socket,embedding=1,server=y,suspend=n,address=127.0.0.1:56776
Begin MonoManager ReloadAssembly
Registering precompiled unity dll's ...
Register platform support module: D:/Uni/2020.3.3f1/Editor/Data/PlaybackEngines/WebGLSupport/UnityEditor.WebGL.Extensions.dll
Register platform support module: D:/Uni/2020.3.3f1/Editor/Data/PlaybackEngines/WindowsStandaloneSupport/UnityEditor.WindowsStandalone.Extensions.dll
Registered in 0.002159 seconds.
Native extension for WindowsStandalone target not found
Native extension for WebGL target not found
Refreshing native plugins compatible for Editor in 51.51 ms, found 1 plugins.
Preloading 0 native plugins for Editor in 0.00 ms.
Invoked RoslynAnalysisRunner static constructor.
RoslynAnalysisRunner will not be running.
RoslynAnalysisRunner has terminated.
Mono: successfully reloaded assembly
- Completed reload, in  1.328 seconds
Platform modules already initialized, skipping
Registering precompiled user dll's ...
Registered in 0.001110 seconds.
Begin MonoManager ReloadAssembly
Native extension for WindowsStandalone target not found
Native extension for WebGL target not found
Refreshing native plugins compatible for Editor in 42.92 ms, found 1 plugins.
Preloading 0 native plugins for Editor in 0.00 ms.
Invoked RoslynAnalysisRunner static constructor.
RoslynAnalysisRunner will not be running.
RoslynAnalysisRunner has terminated.
Mono: successfully reloaded assembly
- Completed reload, in  1.247 seconds
Platform modules already initialized, skipping
========================================================================
Worker process is ready to serve import requests
Launched and connected shader compiler UnityShaderCompiler.exe after 0.08 seconds
Refreshing native plugins compatible for Editor in 0.47 ms, found 1 plugins.
Preloading 0 native plugins for Editor in 0.00 ms.
Unloading 1809 Unused Serialized files (Serialized files now loaded: 0)
System memory in use before: 85.0 MB.
System memory in use after: 85.0 MB.

Unloading 23 unused Assets to reduce memory usage. Loaded Objects now: 2252.
Total: 2.828100 ms (FindLiveObjects: 0.275300 ms CreateObjectMapping: 0.132700 ms MarkObjects: 2.255300 ms  DeleteObjects: 0.163500 ms)

========================================================================
Received Import Request.
  path: Assets/background_2.png
  artifactKey: Guid(6e0346f99dd0d2747a88bd46586398d8) Importer(815301076,1909f56bfc062723c751e8b465ee728b)
Start importing Assets/background_2.png using Guid(6e0346f99dd0d2747a88bd46586398d8) Importer(815301076,1909f56bfc062723c751e8b465ee728b)  -> (artifact id: 'e4710477a95ae7ea09392b786e224a58') in 0.179411 seconds
  Import took 0.183352 seconds .

========================================================================
Received Import Request.
  Time since last request: 0.000337 seconds.
  path: Assets/background_1.png
  artifactKey: Guid(2eca6a9693147724cb30983b9d2ccb72) Importer(815301076,1909f56bfc062723c751e8b465ee728b)
Start importing Assets/background_1.png using Guid(2eca6a9693147724cb30983b9d2ccb72) Importer(815301076,1909f56bfc062723c751e8b465ee728b)  -> (artifact id: '06c175d3bda4e9e54f15191b7f2cd04b') in 0.016445 seconds
  Import took 0.021955 seconds .

========================================================================
Received Import Request.
  Time since last request: 145.687230 seconds.
  path: Assets/background_2.png
  artifactKey: Guid(6e0346f99dd0d2747a88bd46586398d8) Importer(815301076,1909f56bfc062723c751e8b465ee728b)
Start importing Assets/background_2.png using Guid(6e0346f99dd0d2747a88bd46586398d8) Importer(815301076,1909f56bfc062723c751e8b465ee728b)  -> (artifact id: 'c055d82ae0faf099537c42f175e126db') in 0.014171 seconds
  Import took 0.018347 seconds .

========================================================================
Received Import Request.
  Time since last request: 0.000936 seconds.
  path: Assets/background_2.png
  artifactKey: Guid(6e0346f99dd0d2747a88bd46586398d8) Importer(815301076,1909f56bfc062723c751e8b465ee728b)
Start importing Assets/background_2.png using Guid(6e0346f99dd0d2747a88bd46586398d8) Importer(815301076,1909f56bfc062723c751e8b465ee728b)  -> (artifact id: 'c055d82ae0faf099537c42f175e126db') in 0.009344 seconds
  Import took 0.013276 seconds .

========================================================================
Received Import Request.
  Time since last request: 14.404995 seconds.
  path: Assets/background_1.png
  artifactKey: Guid(2eca6a9693147724cb30983b9d2ccb72) Importer(815301076,1909f56bfc062723c751e8b465ee728b)
Start importing Assets/background_1.png using Guid(2eca6a9693147724cb30983b9d2ccb72) Importer(815301076,1909f56bfc062723c751e8b465ee728b)  -> (artifact id: '5c73684ee823031088b1b839eef2bbb0') in 0.013862 seconds
  Import took 0.018158 seconds .

========================================================================
Received Import Request.
  Time since last request: 10.820936 seconds.
  path: Assets/background_2.png
  artifactKey: Guid(6e0346f99dd0d2747a88bd46586398d8) Importer(815301076,1909f56bfc062723c751e8b465ee728b)
Start importing Assets/background_2.png using Guid(6e0346f99dd0d2747a88bd46586398d8) Importer(815301076,1909f56bfc062723c751e8b465ee728b)  -> (artifact id: '864ec1a9c8b353ce12e48197c88cbdfa') in 0.023647 seconds
  Import took 0.027013 seconds .

========================================================================
Received Prepare
Registering precompiled user dll's ...
Registered in 0.000802 seconds.
Begin MonoManager ReloadAssembly
Native extension for WindowsStandalone target not found
Native extension for WebGL target not found
Refreshing native plugins compatible for Editor in 0.45 ms, found 1 plugins.
Preloading 0 native plugins for Editor in 0.00 ms.
Invoked RoslynAnalysisRunner static constructor.
RoslynAnalysisRunner will not be running.
RoslynAnalysisRunner has terminated.
Mono: successfully reloaded assembly
- Completed reload, in  1.093 seconds
Platform modules already initialized, skipping
Refreshing native plugins compatible for Editor in 0.38 ms, found 1 plugins.
Preloading 0 native plugins for Editor in 0.00 ms.
Unloading 1803 Unused Serialized files (Serialized files now loaded: 0)
System memory in use before: 87.9 MB.
System memory in use after: 87.9 MB.

Unloading 11 unused Assets to reduce memory usage. Loaded Objects now: 2262.
Total: 2.472800 ms (FindLiveObjects: 0.223900 ms CreateObjectMapping: 0.055900 ms MarkObjects: 2.088000 ms  DeleteObjects: 0.103700 ms)

========================================================================
Received Prepare
Registering precompiled user dll's ...
Registered in 0.002184 seconds.
Begin MonoManager ReloadAssembly
Native extension for WindowsStandalone target not found
Native extension for WebGL target not found
Refreshing native plugins compatible for Editor in 0.69 ms, found 1 plugins.
Preloading 0 native plugins for Editor in 0.00 ms.
Invoked RoslynAnalysisRunner static constructor.
RoslynAnalysisRunner will not be running.
RoslynAnalysisRunner has terminated.
Mono: successfully reloaded assembly
- Completed reload, in  1.328 seconds
Platform modules already initialized, skipping
Refreshing native plugins compatible for Editor in 0.56 ms, found 1 plugins.
Preloading 0 native plugins for Editor in 0.00 ms.
Unloading 1803 Unused Serialized files (Serialized files now loaded: 0)
System memory in use before: 88.0 MB.
System memory in use after: 88.0 MB.

Unloading 11 unused Assets to reduce memory usage. Loaded Objects now: 2266.
Total: 3.224500 ms (FindLiveObjects: 0.326900 ms CreateObjectMapping: 0.097900 ms MarkObjects: 2.690300 ms  DeleteObjects: 0.107800 ms)

========================================================================
Received Prepare
Registering precompiled user dll's ...
Registered in 0.001000 seconds.
Begin MonoManager ReloadAssembly
Native extension for WindowsStandalone target not found
Native extension for WebGL target not found
Refreshing native plugins compatible for Editor in 0.45 ms, found 1 plugins.
Preloading 0 native plugins for Editor in 0.00 ms.
Invoked RoslynAnalysisRunner static constructor.
RoslynAnalysisRunner will not be running.
RoslynAnalysisRunner has terminated.
Mono: successfully reloaded assembly
- Completed reload, in  1.171 seconds
Platform modules already initialized, skipping
Refreshing native plugins compatible for Editor in 0.44 ms, found 1 plugins.
Preloading 0 native plugins for Editor in 0.00 ms.
Unloading 1803 Unused Serialized files (Serialized files now loaded: 0)
System memory in use before: 88.0 MB.
System memory in use after: 88.0 MB.

Unloading 11 unused Assets to reduce memory usage. Loaded Objects now: 2270.
Total: 2.683100 ms (FindLiveObjects: 0.230200 ms CreateObjectMapping: 0.051900 ms MarkObjects: 2.275100 ms  DeleteObjects: 0.124700 ms)

========================================================================
Received Import Request.
  Time since last request: 291.457153 seconds.
  path: Assets/Individual Sprites/slime-idle-0.controller
  artifactKey: Guid(9b79014ece3e82a498a13e422df3589e) Importer(815301076,1909f56bfc062723c751e8b465ee728b)
Start importing Assets/Individual Sprites/slime-idle-0.controller using Guid(9b79014ece3e82a498a13e422df3589e) Importer(815301076,1909f56bfc062723c751e8b465ee728b)  -> (artifact id: 'f04f3181e05b0a178b92e62865b82612') in 0.032956 seconds
  Import took 0.037165 seconds .

========================================================================
Received Prepare
Registering precompiled user dll's ...
Registered in 0.000854 seconds.
Begin MonoManager ReloadAssembly
Native extension for WindowsStandalone target not found
Native extension for WebGL target not found
Refreshing native plugins compatible for Editor in 0.47 ms, found 1 plugins.
Preloading 0 native plugins for Editor in 0.00 ms.
Invoked RoslynAnalysisRunner static constructor.
RoslynAnalysisRunner will not be running.
RoslynAnalysisRunner has terminated.
Mono: successfully reloaded assembly
- Completed reload, in  1.145 seconds
Platform modules already initialized, skipping
Refreshing native plugins compatible for Editor in 0.44 ms, found 1 plugins.
Preloading 0 native plugins for Editor in 0.00 ms.
Unloading 1803 Unused Serialized files (Serialized files now loaded: 0)
System memory in use before: 88.0 MB.
System memory in use after: 88.0 MB.

Unloading 11 unused Assets to reduce memory usage. Loaded Objects now: 2274.
Total: 2.815800 ms (FindLiveObjects: 0.294200 ms CreateObjectMapping: 0.080300 ms MarkObjects: 2.317100 ms  DeleteObjects: 0.122900 ms)

========================================================================
Received Prepare
Registering precompiled user dll's ...
Registered in 0.000949 seconds.
Begin MonoManager ReloadAssembly
Native extension for WindowsStandalone target not found
Native extension for WebGL target not found
Refreshing native plugins compatible for Editor in 0.58 ms, found 1 plugins.
Preloading 0 native plugins for Editor in 0.00 ms.
Invoked RoslynAnalysisRunner static constructor.
RoslynAnalysisRunner will not be running.
RoslynAnalysisRunner has terminated.
Mono: successfully reloaded assembly
- Completed reload, in  1.168 seconds
Platform modules already initialized, skipping
Refreshing native plugins compatible for Editor in 0.46 ms, found 1 plugins.
Preloading 0 native plugins for Editor in 0.00 ms.
Unloading 1803 Unused Serialized files (Serialized files now loaded: 0)
System memory in use before: 88.0 MB.
System memory in use after: 88.0 MB.

Unloading 11 unused Assets to reduce memory usage. Loaded Objects now: 2278.
Total: 3.360900 ms (FindLiveObjects: 0.344100 ms CreateObjectMapping: 0.134100 ms MarkObjects: 2.773200 ms  DeleteObjects: 0.108100 ms)

========================================================================
Received Prepare
Registering precompiled user dll's ...
Registered in 0.000797 seconds.
Begin MonoManager ReloadAssembly
Native extension for WindowsStandalone target not found
Native extension for WebGL target not found
Refreshing native plugins compatible for Editor in 0.40 ms, found 1 plugins.
Preloading 0 native plugins for Editor in 0.00 ms.
Invoked RoslynAnalysisRunner static constructor.
RoslynAnalysisRunner will not be running.
RoslynAnalysisRunner has terminated.
Mono: successfully reloaded assembly
- Completed reload, in  1.081 seconds
Platform modules already initialized, skipping
Refreshing native plugins compatible for Editor in 0.37 ms, found 1 plugins.
Preloading 0 native plugins for Editor in 0.00 ms.
Unloading 1803 Unused Serialized files (Serialized files now loaded: 0)
System memory in use before: 88.0 MB.
System memory in use after: 88.0 MB.

Unloading 11 unused Assets to reduce memory usage. Loaded Objects now: 2282.
Total: 2.187700 ms (FindLiveObjects: 0.289700 ms CreateObjectMapping: 0.060800 ms MarkObjects: 1.738500 ms  DeleteObjects: 0.097700 ms)

========================================================================
Received Import Request.
  Time since last request: 355.818115 seconds.
  path: Assets/Individual Sprites/slime-idle-0.controller
  artifactKey: Guid(9b79014ece3e82a498a13e422df3589e) Importer(815301076,1909f56bfc062723c751e8b465ee728b)
Start importing Assets/Individual Sprites/slime-idle-0.controller using Guid(9b79014ece3e82a498a13e422df3589e) Importer(815301076,1909f56bfc062723c751e8b465ee728b)  -> (artifact id: 'e29e406ba36f91f6a926c91d4267e5ef') in 0.016336 seconds
  Import took 0.019790 seconds .

========================================================================
Received Prepare
Registering precompiled user dll's ...
Registered in 0.001231 seconds.
Begin MonoManager ReloadAssembly
Native extension for WindowsStandalone target not found
Native extension for WebGL target not found
Refreshing native plugins compatible for Editor in 0.44 ms, found 1 plugins.
Preloading 0 native plugins for Editor in 0.00 ms.
Invoked RoslynAnalysisRunner static constructor.
RoslynAnalysisRunner will not be running.
RoslynAnalysisRunner has terminated.
Mono: successfully reloaded assembly
- Completed reload, in  1.088 seconds
Platform modules already initialized, skipping
Refreshing native plugins compatible for Editor in 0.46 ms, found 1 plugins.
Preloading 0 native plugins for Editor in 0.00 ms.
Unloading 1803 Unused Serialized files (Serialized files now loaded: 0)
System memory in use before: 88.0 MB.
System memory in use after: 88.1 MB.

Unloading 11 unused Assets to reduce memory usage. Loaded Objects now: 2286.
Total: 3.521700 ms (FindLiveObjects: 0.302900 ms CreateObjectMapping: 0.157700 ms MarkObjects: 2.910900 ms  DeleteObjects: 0.148700 ms)

========================================================================
Received Prepare
Registering precompiled user dll's ...
Registered in 0.000859 seconds.
Begin MonoManager ReloadAssembly
Native extension for WindowsStandalone target not found
Native extension for WebGL target not found
Refreshing native plugins compatible for Editor in 0.47 ms, found 1 plugins.
Preloading 0 native plugins for Editor in 0.00 ms.
Invoked RoslynAnalysisRunner static constructor.
RoslynAnalysisRunner will not be running.
RoslynAnalysisRunner has terminated.
Mono: successfully reloaded assembly
- Completed reload, in  1.347 seconds
Platform modules already initialized, skipping
Refreshing native plugins compatible for Editor in 0.47 ms, found 1 plugins.
Preloading 0 native plugins for Editor in 0.00 ms.
Unloading 1803 Unused Serialized files (Serialized files now loaded: 0)
System memory in use before: 88.0 MB.
System memory in use after: 88.1 MB.

Unloading 11 unused Assets to reduce memory usage. Loaded Objects now: 2290.
Total: 4.282000 ms (FindLiveObjects: 0.389500 ms CreateObjectMapping: 0.408100 ms MarkObjects: 3.369100 ms  DeleteObjects: 0.113300 ms)

========================================================================
Received Prepare
Registering precompiled user dll's ...
Registered in 0.000980 seconds.
Begin MonoManager ReloadAssembly
Native extension for WindowsStandalone target not found
Native extension for WebGL target not found
Refreshing native plugins compatible for Editor in 0.55 ms, found 1 plugins.
Preloading 0 native plugins for Editor in 0.00 ms.
Invoked RoslynAnalysisRunner static constructor.
RoslynAnalysisRunner will not be running.
RoslynAnalysisRunner has terminated.
Mono: successfully reloaded assembly
- Completed reload, in  1.126 seconds
Platform modules already initialized, skipping
Refreshing native plugins compatible for Editor in 0.38 ms, found 1 plugins.
Preloading 0 native plugins for Editor in 0.00 ms.
Unloading 1803 Unused Serialized files (Serialized files now loaded: 0)
System memory in use before: 88.0 MB.
System memory in use after: 88.1 MB.

Unloading 11 unused Assets to reduce memory usage. Loaded Objects now: 2294.
Total: 2.509900 ms (FindLiveObjects: 0.225200 ms CreateObjectMapping: 0.057900 ms MarkObjects: 2.107200 ms  DeleteObjects: 0.118400 ms)

AssetImportWorkerClient::OnTransportError - code=2 error=End of file
